<?xml version="1.0" encoding="UTF-8"?>
<!-- Generated by org.testng.reporters.JUnitReportReporter -->
<testsuite skipped="0" hostname="HIBAWL72313" name="sampleHackProj.testConfig" tests="1" failures="0" timestamp="12 Dec 2018 10:38:27 GMT" time="0.010" errors="0">
  <testcase name="navigateToUrl" time="0.010" classname="sampleHackProj.testConfig"/>
</testsuite> <!-- sampleHackProj.testConfig -->
