<?xml version="1.0" encoding="UTF-8"?>
<!-- Generated by org.testng.reporters.JUnitReportReporter -->
<testsuite skipped="0" hostname="HIBAWL72313" name="hackathon.Test.testConfig" tests="1" failures="0" timestamp="12 Dec 2018 05:23:29 GMT" time="5.645" errors="0">
  <testcase name="navigateToUrl" time="5.645" classname="hackathon.Test.testConfig"/>
</testsuite> <!-- hackathon.Test.testConfig -->
